\BOOKMARK [1][-]{section.1}{\376\377\000I\000n\000t\000r\000o\000d\000u\000c\000c\000i\000\363\000n}{}% 1
\BOOKMARK [1][-]{section.2}{\376\377\000O\000b\000j\000e\000t\000i\000v\000o\000s}{}% 2
\BOOKMARK [2][-]{subsection.2.1}{\376\377\000O\000b\000j\000e\000t\000i\000v\000o\000\040\000g\000e\000n\000e\000r\000a\000l}{section.2}% 3
\BOOKMARK [2][-]{subsection.2.2}{\376\377\000O\000b\000j\000e\000t\000i\000v\000o\000s\000\040\000e\000s\000p\000e\000c\000\355\000f\000i\000c\000o\000s}{section.2}% 4
\BOOKMARK [1][-]{section.3}{\376\377\000A\000l\000c\000a\000n\000c\000e}{}% 5
\BOOKMARK [1][-]{section.4}{\376\377\000O\000r\000g\000a\000n\000i\000z\000a\000c\000i\000\363\000n\000\040\000y\000\040\000R\000e\000l\000a\000c\000i\000o\000n\000e\000s\000\040\000I\000n\000t\000e\000r\000p\000e\000r\000s\000o\000n\000a\000l\000e\000s}{}% 6
\BOOKMARK [1][-]{section.5}{\376\377\000D\000i\000r\000e\000c\000c\000i\000\363\000n\000\040\000e\000n\000\040\000e\000l\000\040\000\341\000r\000e\000a\000\040\000d\000e\000\040\000i\000n\000f\000o\000r\000m\000\341\000t\000i\000c\000a}{}% 7
\BOOKMARK [1][-]{section.6}{\376\377\000C\000o\000m\000u\000n\000i\000c\000a\000c\000i\000\363\000n\000\040\000E\000f\000e\000c\000t\000i\000v\000a\000\040\000e\000n\000\040\000l\000a\000\040\000D\000i\000r\000e\000c\000c\000i\000\363\000n\000\040\000d\000e\000\040\000P\000r\000o\000y\000e\000c\000t\000o\000s\000\040\000d\000e\000\040\000T\000I}{}% 8
\BOOKMARK [2][-]{subsection.6.1}{\376\377\000A\000s\000p\000e\000c\000t\000o\000s\000\040\000q\000u\000e\000\040\000d\000e\000b\000e\000n\000\040\000c\000o\000n\000s\000i\000d\000e\000r\000a\000r\000s\000e\000\040\000e\000n\000\040\000c\000a\000d\000a\000\040\000p\000r\000o\000y\000e\000c\000t\000o}{section.6}% 9
\BOOKMARK [2][-]{subsection.6.2}{\376\377\000E\000l\000\040\000e\000n\000f\000o\000q\000u\000e\000\040\000d\000e\000\040\000C\000a\000r\000n\000e\000g\000i\000e\000\040\000p\000a\000r\000a\000\040\000m\000e\000j\000o\000r\000a\000r\000\040\000l\000a\000\040\000c\000o\000m\000u\000n\000i\000c\000a\000c\000i\000\363\000n}{section.6}% 10
\BOOKMARK [3][-]{subsubsection.6.2.1}{\376\377\000N\000o\000\040\000c\000r\000i\000t\000i\000q\000u\000e\000,\000\040\000n\000o\000\040\000c\000o\000n\000d\000e\000n\000e\000\040\000n\000i\000\040\000s\000e\000\040\000q\000u\000e\000j\000e}{subsection.6.2}% 11
\BOOKMARK [3][-]{subsubsection.6.2.2}{\376\377\000D\000e\000m\000u\000e\000s\000t\000r\000e\000\040\000a\000p\000r\000e\000c\000i\000o\000\040\000h\000o\000n\000r\000a\000d\000o\000\040\000y\000\040\000s\000i\000n\000c\000e\000r\000o}{subsection.6.2}% 12
\BOOKMARK [3][-]{subsubsection.6.2.3}{\376\377\000D\000e\000s\000p\000i\000e\000r\000t\000e\000\040\000e\000n\000\040\000l\000o\000s\000\040\000d\000e\000m\000\341\000s\000\040\000u\000n\000\040\000d\000e\000s\000e\000o\000\040\000v\000e\000h\000e\000m\000e\000n\000t\000e}{subsection.6.2}% 13
\BOOKMARK [3][-]{subsubsection.6.2.4}{\376\377\000S\000e\000i\000s\000\040\000m\000a\000n\000e\000r\000a\000s\000\040\000d\000e\000\040\000a\000g\000r\000a\000d\000a\000r\000\040\000a\000\040\000l\000o\000s\000\040\000d\000e\000m\000\341\000s}{subsection.6.2}% 14
\BOOKMARK [1][-]{section.7}{\376\377\000G\000e\000s\000t\000i\000\363\000n\000\040\000d\000e\000\040\000C\000o\000n\000f\000l\000i\000c\000t\000o\000s\000\040\000e\000n\000\040\000P\000r\000o\000y\000e\000c\000t\000o\000s\000\040\000I\000n\000f\000o\000r\000m\000\341\000t\000i\000c\000o\000s}{}% 15
\BOOKMARK [1][-]{section.8}{\376\377\000M\000o\000t\000i\000v\000a\000c\000i\000\363\000n\000\040\000y\000\040\000C\000o\000m\000p\000r\000o\000m\000i\000s\000o\000\040\000d\000e\000l\000\040\000E\000q\000u\000i\000p\000o}{}% 16
\BOOKMARK [1][-]{section.9}{\376\377\000E\000l\000\040\000L\000i\000d\000e\000r\000a\000z\000g\000o}{}% 17
\BOOKMARK [2][-]{subsection.9.1}{\376\377\000E\000n\000f\000o\000q\000u\000e\000\040\000d\000e\000\040\000D\000a\000l\000e\000\040\000C\000a\000r\000n\000e\000g\000i\000e}{section.9}% 18
\BOOKMARK [3][-]{subsubsection.9.1.1}{\376\377\000E\000l\000o\000g\000i\000o\000s\000\040\000y\000\040\000a\000p\000r\000e\000c\000i\000o\000\040\000s\000i\000n\000c\000e\000r\000o}{subsection.9.1}% 19
\BOOKMARK [3][-]{subsubsection.9.1.2}{\376\377\000L\000l\000a\000m\000a\000r\000\040\000l\000a\000\040\000a\000t\000e\000n\000c\000i\000\363\000n\000\040\000i\000n\000d\000i\000r\000e\000c\000t\000a\000m\000e\000n\000t\000e}{subsection.9.1}% 20
\BOOKMARK [3][-]{subsubsection.9.1.3}{\376\377\000H\000a\000b\000l\000a\000r\000\040\000p\000r\000i\000m\000e\000r\000o\000\040\000d\000e\000\040\000n\000u\000e\000s\000t\000r\000o\000s\000\040\000e\000r\000r\000o\000r\000e\000s\000\040\000a\000n\000t\000e\000s\000\040\000d\000e\000\040\000c\000r\000\355\000t\000i\000c\000a\000r\000\040\000a\000\040\000l\000o\000s\000\040\000d\000e\000m\000\341\000s}{subsection.9.1}% 21
\BOOKMARK [3][-]{subsubsection.9.1.4}{\376\377\000H\000a\000c\000e\000r\000\040\000p\000r\000e\000g\000u\000n\000t\000a\000s\000\040\000e\000n\000\040\000l\000u\000g\000a\000r\000\040\000d\000e\000\040\000d\000a\000r\000\040\000\363\000r\000d\000e\000n\000e\000s\000\040\000d\000i\000r\000e\000c\000t\000a\000s}{subsection.9.1}% 22
\BOOKMARK [2][-]{subsection.9.2}{\376\377\000E\000n\000f\000o\000q\000u\000e\000\040\000d\000e\000\040\000D\000a\000n\000i\000e\000l\000\040\000G\000o\000l\000e\000m\000a\000n}{section.9}% 23
\BOOKMARK [3][-]{subsubsection.9.2.1}{\376\377\000A\000u\000t\000o\000c\000o\000n\000s\000c\000i\000e\000n\000c\000i\000a\000:}{subsection.9.2}% 24
\BOOKMARK [3][-]{subsubsection.9.2.2}{\376\377\000A\000u\000t\000o\000r\000r\000e\000g\000u\000l\000a\000c\000i\000\363\000n\000:}{subsection.9.2}% 25
\BOOKMARK [3][-]{subsubsection.9.2.3}{\376\377\000E\000m\000p\000a\000t\000\355\000a\000:}{subsection.9.2}% 26
\BOOKMARK [3][-]{subsubsection.9.2.4}{\376\377\000H\000a\000b\000i\000l\000i\000d\000a\000d\000e\000s\000\040\000s\000o\000c\000i\000a\000l\000e\000s\000:}{subsection.9.2}% 27
\BOOKMARK [1][-]{section.10}{\376\377\000L\000a\000\040\000C\000u\000l\000t\000u\000r\000a\000\040\000O\000r\000g\000a\000n\000i\000z\000a\000c\000i\000o\000n\000a\000l\000\040\000y\000\040\000A\000m\000b\000i\000e\000n\000t\000e\000\040\000d\000e\000\040\000T\000r\000a\000b\000a\000j\000o}{}% 28
\BOOKMARK [2][-]{subsection.10.1}{\376\377\000C\000u\000l\000t\000u\000r\000a\000\040\000o\000r\000g\000a\000n\000i\000z\000a\000c\000i\000o\000n\000a\000l}{section.10}% 29
\BOOKMARK [3][-]{subsubsection.10.1.1}{\376\377\000C\000o\000m\000u\000n\000i\000c\000a\000c\000i\000\363\000n\000\040\000e\000f\000e\000c\000t\000i\000v\000a}{subsection.10.1}% 30
\BOOKMARK [3][-]{subsubsection.10.1.2}{\376\377\000R\000e\000l\000a\000c\000i\000o\000n\000e\000s\000\040\000p\000o\000s\000i\000t\000i\000v\000a\000s}{subsection.10.1}% 31
\BOOKMARK [2][-]{subsection.10.2}{\376\377\000A\000m\000b\000i\000e\000n\000t\000e\000\040\000d\000e\000\040\000t\000r\000a\000b\000a\000j\000o}{section.10}% 32
\BOOKMARK [3][-]{subsubsection.10.2.1}{\376\377\000A\000u\000t\000o\000c\000o\000n\000c\000i\000e\000n\000c\000i\000a\000\040\000y\000\040\000a\000u\000t\000o\000g\000e\000s\000t\000i\000\363\000n}{subsection.10.2}% 33
\BOOKMARK [3][-]{subsubsection.10.2.2}{\376\377\000E\000m\000p\000a\000t\000\355\000a\000\040\000y\000\040\000h\000a\000b\000i\000l\000i\000d\000a\000d\000e\000s\000\040\000s\000o\000c\000i\000a\000l\000e\000s}{subsection.10.2}% 34
\BOOKMARK [1][-]{section.11}{\376\377\000M\000e\000t\000o\000d\000o\000l\000o\000g\000\355\000a\000\040\000d\000e\000\040\000l\000a\000\040\000I\000n\000v\000e\000s\000t\000i\000g\000a\000c\000i\000\363\000n}{}% 35
\BOOKMARK [2][-]{subsection.11.1}{\376\377\000D\000i\000s\000e\000\361\000o\000\040\000d\000e\000\040\000l\000a\000\040\000i\000n\000v\000e\000s\000t\000i\000g\000a\000c\000i\000\363\000n}{section.11}% 36
\BOOKMARK [2][-]{subsection.11.2}{\376\377\000D\000i\000s\000e\000\361\000o\000\040\000d\000e\000\040\000l\000a\000\040\000e\000n\000c\000u\000e\000s\000t\000a}{section.11}% 37
\BOOKMARK [2][-]{subsection.11.3}{\376\377\000P\000r\000o\000c\000e\000d\000i\000m\000i\000e\000n\000t\000o\000\040\000d\000e\000\040\000r\000e\000c\000o\000l\000e\000c\000c\000i\000\363\000n\000\040\000d\000e\000\040\000d\000a\000t\000o\000s}{section.11}% 38
\BOOKMARK [2][-]{subsection.11.4}{\376\377\000I\000n\000s\000t\000r\000u\000m\000e\000n\000t\000o\000\040\000d\000e\000\040\000m\000e\000d\000i\000c\000i\000\363\000n\000\040\000\050\000e\000n\000c\000u\000e\000s\000t\000a\000\051}{section.11}% 39
\BOOKMARK [2][-]{subsection.11.5}{\376\377\000R\000e\000s\000u\000l\000t\000a\000d\000o\000s\000\040\000d\000e\000\040\000l\000a\000\040\000i\000n\000v\000e\000s\000t\000i\000g\000a\000c\000i\000\363\000n}{section.11}% 40
\BOOKMARK [1][-]{section.12}{\376\377\000C\000o\000n\000c\000l\000u\000s\000i\000o\000n}{}% 41
\BOOKMARK [1][-]{section.13}{\376\377\000S\000o\000l\000u\000c\000i\000\363\000n\000\040\000P\000r\000o\000p\000u\000e\000s\000t\000a}{}% 42
\BOOKMARK [2][-]{subsection.13.1}{\376\377\000F\000o\000r\000m\000a\000c\000i\000\363\000n\000\040\000e\000n\000\040\000i\000n\000t\000e\000l\000i\000g\000e\000n\000c\000i\000a\000\040\000e\000m\000o\000c\000i\000o\000n\000a\000l}{section.13}% 43
\BOOKMARK [2][-]{subsection.13.2}{\376\377\000C\000a\000p\000a\000c\000i\000t\000a\000c\000i\000\363\000n\000\040\000s\000o\000b\000r\000e\000\040\000e\000l\000\040\000l\000i\000d\000e\000r\000a\000z\000g\000o}{section.13}% 44
\BOOKMARK [1][-]{section*.1}{\376\377\000R\000e\000f\000e\000r\000e\000n\000c\000e\000s}{}% 45
