This is pdfTeX, Version 3.141592653-2.6-1.40.25 (MiKTeX 24.1) (preloaded format=pdflatex 2024.2.16)  8 MAR 2024 18:16
entering extended mode
 restricted \write18 enabled.
 %&-line parsing enabled.
**./doc_rhu.tex
(doc_rhu.tex
LaTeX2e <2023-11-01> patch level 1
L3 programming layer <2024-01-04>
(IEEEtran.cls
Document Class: IEEEtran 2002/11/18 revision V1.6b by Michael Shell
-- See the "IEEEtran_HOWTO" manual for usage information.
-- The source comments contain changelog notes.
\@IEEEtrantmpdimenA=\dimen140
\@IEEEtrantmpdimenB=\dimen141
\@IEEEtrantmpcountA=\count187
\@IEEEtrantmpcountB=\count188
\@IEEEtrantmptoksA=\toks17
LaTeX Font Info:    Trying to load font information for OT1+ptm on input line 7
76.

(C:\Users\Edenilson Molina\AppData\Local\Programs\MiKTeX\tex/latex/psnfss\ot1pt
m.fd
File: ot1ptm.fd 2001/06/04 font definitions for OT1/ptm.
)
\@IEEEnormalsizefontbaselineskip=\skip48

-- This is a 10 point document.
\normalsizebaselineskip=\skip49
\normaljot=\skip50
LaTeX Font Info:    Font shape `OT1/ptm/bx/n' in size <5> not available
(Font)              Font shape `OT1/ptm/b/n' tried instead on input line 1095.
LaTeX Font Info:    Font shape `OT1/ptm/bx/it' in size <5> not available
(Font)              Font shape `OT1/ptm/b/it' tried instead on input line 1095.

LaTeX Font Info:    Font shape `OT1/ptm/bx/n' in size <7> not available
(Font)              Font shape `OT1/ptm/b/n' tried instead on input line 1095.
LaTeX Font Info:    Font shape `OT1/ptm/bx/it' in size <7> not available
(Font)              Font shape `OT1/ptm/b/it' tried instead on input line 1095.

LaTeX Font Info:    Font shape `OT1/ptm/bx/n' in size <8> not available
(Font)              Font shape `OT1/ptm/b/n' tried instead on input line 1095.
LaTeX Font Info:    Font shape `OT1/ptm/bx/it' in size <8> not available
(Font)              Font shape `OT1/ptm/b/it' tried instead on input line 1095.

LaTeX Font Info:    Font shape `OT1/ptm/bx/n' in size <9> not available
(Font)              Font shape `OT1/ptm/b/n' tried instead on input line 1095.
LaTeX Font Info:    Font shape `OT1/ptm/bx/it' in size <9> not available
(Font)              Font shape `OT1/ptm/b/it' tried instead on input line 1095.

LaTeX Font Info:    Font shape `OT1/ptm/bx/n' in size <10> not available
(Font)              Font shape `OT1/ptm/b/n' tried instead on input line 1095.
LaTeX Font Info:    Font shape `OT1/ptm/bx/it' in size <10> not available
(Font)              Font shape `OT1/ptm/b/it' tried instead on input line 1095.

LaTeX Font Info:    Font shape `OT1/ptm/bx/n' in size <11> not available
(Font)              Font shape `OT1/ptm/b/n' tried instead on input line 1095.
LaTeX Font Info:    Font shape `OT1/ptm/bx/it' in size <11> not available
(Font)              Font shape `OT1/ptm/b/it' tried instead on input line 1095.

LaTeX Font Info:    Font shape `OT1/ptm/bx/n' in size <12> not available
(Font)              Font shape `OT1/ptm/b/n' tried instead on input line 1095.
LaTeX Font Info:    Font shape `OT1/ptm/bx/it' in size <12> not available
(Font)              Font shape `OT1/ptm/b/it' tried instead on input line 1095.

LaTeX Font Info:    Font shape `OT1/ptm/bx/n' in size <17> not available
(Font)              Font shape `OT1/ptm/b/n' tried instead on input line 1095.
LaTeX Font Info:    Font shape `OT1/ptm/bx/it' in size <17> not available
(Font)              Font shape `OT1/ptm/b/it' tried instead on input line 1095.

LaTeX Font Info:    Font shape `OT1/ptm/bx/n' in size <20> not available
(Font)              Font shape `OT1/ptm/b/n' tried instead on input line 1095.
LaTeX Font Info:    Font shape `OT1/ptm/bx/it' in size <20> not available
(Font)              Font shape `OT1/ptm/b/it' tried instead on input line 1095.

LaTeX Font Info:    Font shape `OT1/ptm/bx/n' in size <24> not available
(Font)              Font shape `OT1/ptm/b/n' tried instead on input line 1095.
LaTeX Font Info:    Font shape `OT1/ptm/bx/it' in size <24> not available
(Font)              Font shape `OT1/ptm/b/it' tried instead on input line 1095.

\IEEEilabelindentA=\dimen142
\IEEEilabelindentB=\dimen143
\IEEEilabelindent=\dimen144
\IEEEelabelindent=\dimen145
\IEEEdlabelindent=\dimen146
\labelindent=\dimen147
\IEEEiednormlabelsep=\dimen148
\IEEEiedmathlabelsep=\dimen149
\IEEEiedtopsep=\skip51
\c@section=\count189
\c@subsection=\count190
\c@subsubsection=\count191
\c@paragraph=\count192
\c@IEEEsubequation=\count193
\abovecaptionskip=\skip52
\belowcaptionskip=\skip53
\c@figure=\count194
\c@table=\count195
\@IEEEeqnnumcols=\count196
\@IEEEeqncolcnt=\count197
\@IEEEtmpitemindent=\dimen150
\c@biography=\count198
\@IEEEtranrubishbin=\box51
)
(C:\Users\Edenilson Molina\AppData\Local\Programs\MiKTeX\tex/latex/base\inputen
c.sty
Package: inputenc 2021/02/14 v1.3d Input encoding file
\inpenc@prehook=\toks18
\inpenc@posthook=\toks19
)
(C:\Users\Edenilson Molina\AppData\Local\Programs\MiKTeX\tex/latex/base\fontenc
.sty
Package: fontenc 2021/04/29 v2.0v Standard LaTeX package
LaTeX Font Info:    Trying to load font information for T1+ptm on input line 11
2.

(C:\Users\Edenilson Molina\AppData\Local\Programs\MiKTeX\tex/latex/psnfss\t1ptm
.fd
File: t1ptm.fd 2001/06/04 font definitions for T1/ptm.
))
(C:\Users\Edenilson Molina\AppData\Local\Programs\MiKTeX\tex/generic/babel\babe
l.sty
Package: babel 2024/01/07 v24.1 The Babel package
\babel@savecnt=\count199
\U@D=\dimen151
\l@unhyphenated=\language79

(C:\Users\Edenilson Molina\AppData\Local\Programs\MiKTeX\tex/generic/babel\txtb
abel.def)
\bbl@readstream=\read2
\bbl@dirlevel=\count266

*************************************
* Local config file bblopts.cfg used
*

(C:\Users\Edenilson Molina\AppData\Local\Programs\MiKTeX\tex/latex/arabi\bblopt
s.cfg
File: bblopts.cfg 2005/09/08 v0.1 add Arabic and Farsi to "declared" options of
 babel
)
(C:\Users\Edenilson Molina\AppData\Local\Programs\MiKTeX\tex/latex/babel-spanis
h\spanish.ldf
Language: spanish.ldf 2021/05/27 v5.0q Spanish support from the babel system
\es@quottoks=\toks20
\es@quotdepth=\count267
Package babel Info: Making " an active character on input line 570.
Package babel Info: Making . an active character on input line 675.
Package babel Info: Making < an active character on input line 722.
Package babel Info: Making > an active character on input line 722.
))
(C:\Users\Edenilson Molina\AppData\Local\Programs\MiKTeX\tex/generic/babel/loca
le/es\babel-spanish.tex
Package babel Info: Importing font and identification data for spanish
(babel)             from babel-es.ini. Reported on input line 11.
)
(C:\Users\Edenilson Molina\AppData\Local\Programs\MiKTeX\tex/latex/graphics\gra
phicx.sty
Package: graphicx 2021/09/16 v1.2d Enhanced LaTeX Graphics (DPC,SPQR)

(C:\Users\Edenilson Molina\AppData\Local\Programs\MiKTeX\tex/latex/graphics\key
val.sty
Package: keyval 2022/05/29 v1.15 key=value parser (DPC)
\KV@toks@=\toks21
)
(C:\Users\Edenilson Molina\AppData\Local\Programs\MiKTeX\tex/latex/graphics\gra
phics.sty
Package: graphics 2022/03/10 v1.4e Standard LaTeX Graphics (DPC,SPQR)

(C:\Users\Edenilson Molina\AppData\Local\Programs\MiKTeX\tex/latex/graphics\tri
g.sty
Package: trig 2021/08/11 v1.11 sin cos tan (DPC)
)
(C:\Users\Edenilson Molina\AppData\Local\Programs\MiKTeX\tex/latex/graphics-cfg
\graphics.cfg
File: graphics.cfg 2016/06/04 v1.11 sample graphics configuration
)
Package graphics Info: Driver file: pdftex.def on input line 107.

(C:\Users\Edenilson Molina\AppData\Local\Programs\MiKTeX\tex/latex/graphics-def
\pdftex.def
File: pdftex.def 2022/09/22 v1.2b Graphics/color driver for pdftex
))
\Gin@req@height=\dimen152
\Gin@req@width=\dimen153
)
(C:\Users\Edenilson Molina\AppData\Local\Programs\MiKTeX\tex/latex/url\url.sty
\Urlmuskip=\muskip16
Package: url 2013/09/16  ver 3.4  Verb mode for urls, etc.
)
(C:\Users\Edenilson Molina\AppData\Local\Programs\MiKTeX\tex/latex/hyperref\hyp
erref.sty
Package: hyperref 2023-11-26 v7.01g Hypertext links for LaTeX

(C:\Users\Edenilson Molina\AppData\Local\Programs\MiKTeX\tex/generic/iftex\ifte
x.sty
Package: iftex 2022/02/03 v1.0f TeX engine tests
)
(C:\Users\Edenilson Molina\AppData\Local\Programs\MiKTeX\tex/generic/infwarerr\
infwarerr.sty
Package: infwarerr 2019/12/03 v1.5 Providing info/warning/error messages (HO)
)
(C:\Users\Edenilson Molina\AppData\Local\Programs\MiKTeX\tex/latex/kvsetkeys\kv
setkeys.sty
Package: kvsetkeys 2022-10-05 v1.19 Key value parser (HO)
)
(C:\Users\Edenilson Molina\AppData\Local\Programs\MiKTeX\tex/generic/kvdefineke
ys\kvdefinekeys.sty
Package: kvdefinekeys 2019-12-19 v1.6 Define keys (HO)
)
(C:\Users\Edenilson Molina\AppData\Local\Programs\MiKTeX\tex/generic/pdfescape\
pdfescape.sty
Package: pdfescape 2019/12/09 v1.15 Implements pdfTeX's escape features (HO)

(C:\Users\Edenilson Molina\AppData\Local\Programs\MiKTeX\tex/generic/ltxcmds\lt
xcmds.sty
Package: ltxcmds 2023-12-04 v1.26 LaTeX kernel commands for general use (HO)
)
(C:\Users\Edenilson Molina\AppData\Local\Programs\MiKTeX\tex/generic/pdftexcmds
\pdftexcmds.sty
Package: pdftexcmds 2020-06-27 v0.33 Utility functions of pdfTeX for LuaTeX (HO
)
Package pdftexcmds Info: \pdf@primitive is available.
Package pdftexcmds Info: \pdf@ifprimitive is available.
Package pdftexcmds Info: \pdfdraftmode found.
))
(C:\Users\Edenilson Molina\AppData\Local\Programs\MiKTeX\tex/latex/hycolor\hyco
lor.sty
Package: hycolor 2020-01-27 v1.10 Color options for hyperref/bookmark (HO)
)
(C:\Users\Edenilson Molina\AppData\Local\Programs\MiKTeX\tex/latex/letltxmacro\
letltxmacro.sty
Package: letltxmacro 2019/12/03 v1.6 Let assignment for LaTeX macros (HO)
)
(C:\Users\Edenilson Molina\AppData\Local\Programs\MiKTeX\tex/latex/auxhook\auxh
ook.sty
Package: auxhook 2019-12-17 v1.6 Hooks for auxiliary files (HO)
)
(C:\Users\Edenilson Molina\AppData\Local\Programs\MiKTeX\tex/latex/hyperref\nam
eref.sty
Package: nameref 2023-11-26 v2.56 Cross-referencing by name of section

(C:\Users\Edenilson Molina\AppData\Local\Programs\MiKTeX\tex/latex/refcount\ref
count.sty
Package: refcount 2019/12/15 v3.6 Data extraction from label references (HO)
)
(C:\Users\Edenilson Molina\AppData\Local\Programs\MiKTeX\tex/generic/gettitlest
ring\gettitlestring.sty
Package: gettitlestring 2019/12/15 v1.6 Cleanup title references (HO)

(C:\Users\Edenilson Molina\AppData\Local\Programs\MiKTeX\tex/latex/kvoptions\kv
options.sty
Package: kvoptions 2022-06-15 v3.15 Key value format for package options (HO)
))
\c@section@level=\count268
)
(C:\Users\Edenilson Molina\AppData\Local\Programs\MiKTeX\tex/latex/etoolbox\eto
olbox.sty
Package: etoolbox 2020/10/05 v2.5k e-TeX tools for LaTeX (JAW)
\etb@tempcnta=\count269
)
\@linkdim=\dimen154
\Hy@linkcounter=\count270
\Hy@pagecounter=\count271

(C:\Users\Edenilson Molina\AppData\Local\Programs\MiKTeX\tex/latex/hyperref\pd1
enc.def
File: pd1enc.def 2023-11-26 v7.01g Hyperref: PDFDocEncoding definition (HO)
Now handling font encoding PD1 ...
... no UTF-8 mapping file for font encoding PD1
)
(C:\Users\Edenilson Molina\AppData\Local\Programs\MiKTeX\tex/generic/intcalc\in
tcalc.sty
Package: intcalc 2019/12/15 v1.3 Expandable calculations with integers (HO)
)
\Hy@SavedSpaceFactor=\count272

(C:\Users\Edenilson Molina\AppData\Local\Programs\MiKTeX\tex/latex/hyperref\pue
nc.def
File: puenc.def 2023-11-26 v7.01g Hyperref: PDF Unicode definition (HO)
Now handling font encoding PU ...
... no UTF-8 mapping file for font encoding PU
)
Package hyperref Info: Hyper figures OFF on input line 4181.
Package hyperref Info: Link nesting OFF on input line 4186.
Package hyperref Info: Hyper index ON on input line 4189.
Package hyperref Info: Plain pages OFF on input line 4196.
Package hyperref Info: Backreferencing OFF on input line 4201.
Package hyperref Info: Implicit mode ON; LaTeX internals redefined.
Package hyperref Info: Bookmarks ON on input line 4448.
\c@Hy@tempcnt=\count273
LaTeX Info: Redefining \url on input line 4786.
\XeTeXLinkMargin=\dimen155

(C:\Users\Edenilson Molina\AppData\Local\Programs\MiKTeX\tex/generic/bitset\bit
set.sty
Package: bitset 2019/12/09 v1.3 Handle bit-vector datatype (HO)

(C:\Users\Edenilson Molina\AppData\Local\Programs\MiKTeX\tex/generic/bigintcalc
\bigintcalc.sty
Package: bigintcalc 2019/12/15 v1.5 Expandable calculations on big integers (HO
)
))
\Fld@menulength=\count274
\Field@Width=\dimen156
\Fld@charsize=\dimen157
Package hyperref Info: Hyper figures OFF on input line 6065.
Package hyperref Info: Link nesting OFF on input line 6070.
Package hyperref Info: Hyper index ON on input line 6073.
Package hyperref Info: backreferencing OFF on input line 6080.
Package hyperref Info: Link coloring OFF on input line 6085.
Package hyperref Info: Link coloring with OCG OFF on input line 6090.
Package hyperref Info: PDF/A mode OFF on input line 6095.

(C:\Users\Edenilson Molina\AppData\Local\Programs\MiKTeX\tex/latex/base\atbegsh
i-ltx.sty
Package: atbegshi-ltx 2021/01/10 v1.0c Emulation of the original atbegshi
package with kernel methods
)
\Hy@abspage=\count275
\c@Item=\count276
\c@Hfootnote=\count277
)
Package hyperref Info: Driver (autodetected): hpdftex.

(C:\Users\Edenilson Molina\AppData\Local\Programs\MiKTeX\tex/latex/hyperref\hpd
ftex.def
File: hpdftex.def 2023-11-26 v7.01g Hyperref driver for pdfTeX

(C:\Users\Edenilson Molina\AppData\Local\Programs\MiKTeX\tex/latex/base\atverye
nd-ltx.sty
Package: atveryend-ltx 2020/08/19 v1.0a Emulation of the original atveryend pac
kage
with kernel methods
)
\Fld@listcount=\count278
\c@bookmark@seq@number=\count279

(C:\Users\Edenilson Molina\AppData\Local\Programs\MiKTeX\tex/latex/rerunfileche
ck\rerunfilecheck.sty
Package: rerunfilecheck 2022-07-10 v1.10 Rerun checks for auxiliary files (HO)

(C:\Users\Edenilson Molina\AppData\Local\Programs\MiKTeX\tex/generic/uniquecoun
ter\uniquecounter.sty
Package: uniquecounter 2019/12/15 v1.4 Provide unlimited unique counter (HO)
)
Package uniquecounter Info: New unique counter `rerunfilecheck' on input line 2
85.
)
\Hy@SectionHShift=\skip54
)
(C:\Users\Edenilson Molina\AppData\Local\Programs\MiKTeX\tex/latex/float\float.
sty
Package: float 2001/11/08 v1.3d Float enhancements (AL)
\c@float@type=\count280
\float@exts=\toks22
\float@box=\box52
\@float@everytoks=\toks23
\@floatcapt=\box53
)
(C:\Users\Edenilson Molina\AppData\Local\Programs\MiKTeX\tex/latex/l3backend\l3
backend-pdftex.def
File: l3backend-pdftex.def 2024-01-04 L3 backend support: PDF output (pdfTeX)
\l__color_backend_stack_int=\count281
\l__pdf_internal_box=\box54
) (doc_rhu.aux
LaTeX Info: Redefining \. on input line 11.
LaTeX Info: Redefining \% on input line 11.
)
\openout1 = `doc_rhu.aux'.

LaTeX Font Info:    Checking defaults for OML/cmm/m/it on input line 11.
LaTeX Font Info:    ... okay on input line 11.
LaTeX Font Info:    Checking defaults for OMS/cmsy/m/n on input line 11.
LaTeX Font Info:    ... okay on input line 11.
LaTeX Font Info:    Checking defaults for OT1/cmr/m/n on input line 11.
LaTeX Font Info:    ... okay on input line 11.
LaTeX Font Info:    Checking defaults for T1/cmr/m/n on input line 11.
LaTeX Font Info:    ... okay on input line 11.
LaTeX Font Info:    Checking defaults for TS1/cmr/m/n on input line 11.
LaTeX Font Info:    ... okay on input line 11.
LaTeX Font Info:    Checking defaults for OMX/cmex/m/n on input line 11.
LaTeX Font Info:    ... okay on input line 11.
LaTeX Font Info:    Checking defaults for U/cmr/m/n on input line 11.
LaTeX Font Info:    ... okay on input line 11.
LaTeX Font Info:    Checking defaults for PD1/pdf/m/n on input line 11.
LaTeX Font Info:    ... okay on input line 11.
LaTeX Font Info:    Checking defaults for PU/pdf/m/n on input line 11.
LaTeX Font Info:    ... okay on input line 11.
LaTeX Info: Redefining \. on input line 11.
LaTeX Info: Redefining \% on input line 11.

(C:\Users\Edenilson Molina\AppData\Local\Programs\MiKTeX\tex/context/base/mkii\
supp-pdf.mkii
[Loading MPS to PDF converter (version 2006.09.02).]
\scratchcounter=\count282
\scratchdimen=\dimen158
\scratchbox=\box55
\nofMPsegments=\count283
\nofMParguments=\count284
\everyMPshowfont=\toks24
\MPscratchCnt=\count285
\MPscratchDim=\dimen159
\MPnumerator=\count286
\makeMPintoPDFobject=\count287
\everyMPtoPDFconversion=\toks25
)
(C:\Users\Edenilson Molina\AppData\Local\Programs\MiKTeX\tex/latex/epstopdf-pkg
\epstopdf-base.sty
Package: epstopdf-base 2020-01-24 v2.11 Base part for package epstopdf
Package epstopdf-base Info: Redefining graphics rule for `.eps' on input line 4
85.

(C:\Users\Edenilson Molina\AppData\Local\Programs\MiKTeX\tex/latex/00miktex\eps
topdf-sys.cfg
File: epstopdf-sys.cfg 2021/03/18 v2.0 Configuration of epstopdf for MiKTeX
))
Package hyperref Info: Link coloring OFF on input line 11.
 (doc_rhu.out) (doc_rhu.out)
\@outlinefile=\write3
\openout3 = `doc_rhu.out'.

LaTeX Font Info:    External font `cmex10' loaded for size
(Font)              <9> on input line 26.
LaTeX Font Info:    External font `cmex10' loaded for size
(Font)              <6> on input line 26.
LaTeX Font Info:    External font `cmex10' loaded for size
(Font)              <5> on input line 26.

Underfull \vbox (badness 10000) has occurred while \output is active []

 [1{C:/Users/Edenilson Molina/AppData/Local/MiKTeX/fonts/map/pdftex/pdftex.map}
{C:/Users/Edenilson Molina/AppData/Local/Programs/MiKTeX/fonts/enc/dvips/base/8
r.enc}


]
[2] [3] [4] [5]
Underfull \hbox (badness 2401) in paragraph at lines 255--256
 \T1/ptm/m/it/10 X-B.1. Au-to-con-cien-cia y au-to-ges-tión: [][][] \T1/ptm/m/n
/10 La in-te-li-gen-cia
 []

[6] [7] [8]
LaTeX Font Info:    External font `cmex10' loaded for size
(Font)              <8> on input line 516.
<Pregunta13.png, id=308, 556.32843pt x 280.79906pt>
File: Pregunta13.png Graphic file (type png)
<use Pregunta13.png>
Package pdftex.def Info: Pregunta13.png  used on input line 531.
(pdftex.def)             Requested size: 199.16928pt x 100.52629pt.
LaTeX Font Info:    External font `cmex10' loaded for size
(Font)              <7> on input line 533.

Underfull \hbox (badness 10000) in paragraph at lines 533--534

 []

<Pregunta14.png, id=310, 560.8453pt x 277.78781pt>
File: Pregunta14.png Graphic file (type png)
<use Pregunta14.png>
Package pdftex.def Info: Pregunta14.png  used on input line 558.
(pdftex.def)             Requested size: 170.71652pt x 84.55348pt.
[9 <./Pregunta13.png>]
Underfull \hbox (badness 10000) in paragraph at lines 560--561

 []

<Pregunta15.png, id=351, 566.115pt x 283.0575pt>
File: Pregunta15.png Graphic file (type png)
<use Pregunta15.png>
Package pdftex.def Info: Pregunta15.png  used on input line 585.
(pdftex.def)             Requested size: 170.71652pt x 85.35844pt.

Underfull \hbox (badness 1454) in paragraph at lines 587--588
\T1/ptm/m/it/10 co-men-ta-rios son to-ma-dos en cuen-ta en oca-sio-nes,
 []


Underfull \hbox (badness 10000) in paragraph at lines 587--588

 []

<Pregunta16.png, id=352, 591.71063pt x 278.54062pt>
File: Pregunta16.png Graphic file (type png)
<use Pregunta16.png>
Package pdftex.def Info: Pregunta16.png  used on input line 612.
(pdftex.def)             Requested size: 170.71652pt x 80.36244pt.

Underfull \hbox (badness 2726) in paragraph at lines 614--615
\T1/ptm/m/it/10 pa-ra dis-cu-tir pro-ble-mas la-bo-ra-les.La ma-yo-ría, un
 []


Underfull \hbox (badness 10000) in paragraph at lines 614--615

 []


Overfull \hbox (7.11105pt too wide) in paragraph at lines 626--638
 [][] 
 []

<Pregunta17.png, id=353, 699.36281pt x 304.13625pt>
File: Pregunta17.png Graphic file (type png)
<use Pregunta17.png>
Package pdftex.def Info: Pregunta17.png  used on input line 641.
(pdftex.def)             Requested size: 199.16928pt x 86.6101pt.

Underfull \hbox (badness 3861) in paragraph at lines 643--644
\T1/ptm/b/it/10 Análisis: \T1/ptm/m/it/10 Un 44.44$ $% con-si-de-ra la ha-bi-li
-dad de
 []


Underfull \hbox (badness 4954) in paragraph at lines 643--644
\T1/ptm/m/it/10 re-so-lu-ción de pro-ble-mas co-mo la cua-li-dad más
 []


Underfull \hbox (badness 3657) in paragraph at lines 643--644
\T1/ptm/m/it/10 va-lo-ra-da, lo que in-di-ca que la ca-pa-ci-dad pa-ra
 []


Underfull \hbox (badness 10000) in paragraph at lines 643--644

 []

[10 <./Pregunta14.png> <./Pregunta15.png> <./Pregunta16.png> <./Pregunta17.png>
]
<Pregunta18.png, id=375, 490.08093pt x 291.33844pt>
File: Pregunta18.png Graphic file (type png)
<use Pregunta18.png>
Package pdftex.def Info: Pregunta18.png  used on input line 666.
(pdftex.def)             Requested size: 170.71652pt x 101.48541pt.

Underfull \hbox (badness 10000) in paragraph at lines 668--669

 []

<Pregunta19.png, id=376, 354.57469pt x 198.7425pt>
File: Pregunta19.png Graphic file (type png)
<use Pregunta19.png>
Package pdftex.def Info: Pregunta19.png  used on input line 691.
(pdftex.def)             Requested size: 170.71652pt x 95.68947pt.

Underfull \hbox (badness 2393) in paragraph at lines 693--694
\T1/ptm/m/it/10 han ex-pe-ri-men-ta-do una re-tro-ali-men-ta-ción in-di-rec-ta
 []


Underfull \hbox (badness 10000) in paragraph at lines 693--694

 []

<Pregunta20.png, id=377, 383.93437pt x 198.7425pt>
File: Pregunta20.png Graphic file (type png)
<use Pregunta20.png>
Package pdftex.def Info: Pregunta20.png  used on input line 720.
(pdftex.def)             Requested size: 199.16928pt x 103.10104pt.

Underfull \hbox (badness 1590) in paragraph at lines 722--723
\T1/ptm/b/it/10 Análisis: \T1/ptm/m/it/10 Se-gún los re-sul-ta-dos de la en-cue
s-ta, es
 []


Underfull \hbox (badness 10000) in paragraph at lines 722--723

 []

<Pregunta21.png, id=378, 465.23813pt x 203.25937pt>
File: Pregunta21.png Graphic file (type png)
<use Pregunta21.png>
Package pdftex.def Info: Pregunta21.png  used on input line 749.
(pdftex.def)             Requested size: 199.16928pt x 87.01523pt.

Underfull \vbox (badness 1845) has occurred while \output is active []

 [11 <./Pregunta18.png> <./Pregunta19.png> <./Pregunta20.png>]
Underfull \hbox (badness 10000) in paragraph at lines 751--752

 []

<Pregunta22.png, id=402, 451.6875pt x 197.98969pt>
File: Pregunta22.png Graphic file (type png)
<use Pregunta22.png>
Package pdftex.def Info: Pregunta22.png  used on input line 778.
(pdftex.def)             Requested size: 199.16928pt x 87.30302pt.

Underfull \hbox (badness 3189) in paragraph at lines 780--781
\T1/ptm/b/it/10 Análisis: \T1/ptm/m/it/10 Los en-cues-ta-dos su-gie-ren prin-ci
-pal-men-te
 []


Underfull \hbox (badness 1852) in paragraph at lines 780--781
\T1/ptm/m/it/10 in-di-ca que una co-mu-ni-ca-ción cla-ra y efec-ti-va es
 []


Underfull \hbox (badness 5077) in paragraph at lines 780--781
\T1/ptm/m/it/10 ha-bi-li-da-des y adap-tar-se a cam-bios tec-no-ló-gi-cos.
 []


Underfull \hbox (badness 10000) in paragraph at lines 780--781

 []

LaTeX Font Info:    Trying to load font information for T1+pcr on input line 80
4.

(C:\Users\Edenilson Molina\AppData\Local\Programs\MiKTeX\tex/latex/psnfss\t1pcr
.fd
File: t1pcr.fd 2001/06/04 font definitions for T1/pcr.
)
Underfull \hbox (badness 2134) in paragraph at lines 804--805
[]\T1/ptm/m/n/8 D. Cha-vez, ``Co-mu-ni-ca-ción efec-ti-va en la ges-tión de pro
-yec-tos,''
 []


Underfull \hbox (badness 10000) in paragraph at lines 804--805
\T1/pcr/m/n/8 com / pulse / comunicaci % C3 % B3n-[]efectiva-[]en-[]la-[]gesti 
%
 []


Underfull \hbox (badness 10000) in paragraph at lines 804--805
\T1/pcr/m/n/8 C3 % B3n-[]de-[]proyectos-[]diego-[]chavez-[]1btqf /
 []


Underfull \hbox (badness 3758) in paragraph at lines 807--808
[]\T1/ptm/m/n/8 C. Or-te-ga, ``Cul-tu-ra Or-ga-ni-za-cio-nal'' \T1/ptm/m/it/8 Q
ues-tion-Pro\T1/ptm/m/n/8 , 2024. [En lí-
 []


Underfull \hbox (badness 1694) in paragraph at lines 807--808
\T1/ptm/m/n/8 nea]. Dis-po-ni-ble: []$\T1/pcr/m/n/8 https : / / www . questionp
ro . com / blog / es /
 []

[12 <./Pregunta21.png> <./Pregunta22.png>] (doc_rhu.aux
LaTeX Info: Redefining \. on input line 11.
LaTeX Info: Redefining \% on input line 11.
)
 ***********
LaTeX2e <2023-11-01> patch level 1
L3 programming layer <2024-01-04>
 ***********
Package rerunfilecheck Info: File `doc_rhu.out' has not changed.
(rerunfilecheck)             Checksum: 0F6729531349E9D1D9347B2876612BBC;9044.
 ) 
Here is how much of TeX's memory you used:
 11171 strings out of 474486
 179160 string characters out of 5738527
 1952542 words of memory out of 5000000
 33096 multiletter control sequences out of 15000+600000
 675486 words of font info for 146 fonts, out of 8000000 for 9000
 1144 hyphenation exceptions out of 8191
 75i,10n,79p,2023b,653s stack positions out of 10000i,1000n,20000p,200000b,200000s
<C:/Users/Edenilson Molina/AppData/Local/Programs/MiKTeX/fonts/type1/urw/cour
ier/ucrr8a.pfb><C:/Users/Edenilson Molina/AppData/Local/Programs/MiKTeX/fonts/t
ype1/urw/times/utmb8a.pfb><C:/Users/Edenilson Molina/AppData/Local/Programs/MiK
TeX/fonts/type1/urw/times/utmbi8a.pfb><C:/Users/Edenilson Molina/AppData/Local/
Programs/MiKTeX/fonts/type1/urw/times/utmr8a.pfb><C:/Users/Edenilson Molina/App
Data/Local/Programs/MiKTeX/fonts/type1/urw/times/utmri8a.pfb>
Output written on doc_rhu.pdf (12 pages, 401999 bytes).
PDF statistics:
 501 PDF objects out of 1000 (max. 8388607)
 227 named destinations out of 1000 (max. 500000)
 395 words of extra memory for PDF output out of 10000 (max. 10000000)

